[2020/05/01 00:51:49] - Namespace(attack='pgd', attack_network=True, batch_size=128, black_box=False, directory='/home/metehan/deep_adv/CIFAR10/', epochs=15, epsilon=0.03137254901960784, log_interval=100, loss_scale='1.0', lr=0.1, lr_max=0.2, lr_min=0.0, master_weights=False, model='ResNetMadry', momentum=0.9, no_cuda=False, norm='inf', num_iterations=7, num_restarts=1, opt_level='O2', rand=False, save_model=False, seed=1, step_size=0.00784313725490196, test_batch_size=200, tr_alpha=0.0392156862745098, tr_attack='pgd', tr_epsilon=0.03137254901960784, tr_norm='inf', tr_num_iterations=10, tr_num_restarts=1, tr_rand=True, tr_step_size=0.00784313725490196, train=True, weight_decay=0.0005)
[2020/05/01 00:51:49] - 

[2020/05/01 00:51:54] - ResNet(
  (norm): Normalize()
  (conv1): Conv2d(3, 16, kernel_size=(3, 3), stride=(1, 1), padding=(1, 1), bias=False)
  (block1): Sequential(
    (0): ResidualUnit(
      (bn1): BatchNorm2d(16, eps=1e-05, momentum=0.1, affine=True, track_running_stats=True)
      (conv1): Conv2d(16, 16, kernel_size=(3, 3), stride=(1, 1), padding=(1, 1), bias=False)
      (bn2): BatchNorm2d(16, eps=1e-05, momentum=0.1, affine=True, track_running_stats=True)
      (conv2): Conv2d(16, 16, kernel_size=(3, 3), stride=(1, 1), padding=(1, 1), bias=False)
    )
    (1): ResidualUnit(
      (bn1): BatchNorm2d(16, eps=1e-05, momentum=0.1, affine=True, track_running_stats=True)
      (conv1): Conv2d(16, 16, kernel_size=(3, 3), stride=(1, 1), padding=(1, 1), bias=False)
      (bn2): BatchNorm2d(16, eps=1e-05, momentum=0.1, affine=True, track_running_stats=True)
      (conv2): Conv2d(16, 16, kernel_size=(3, 3), stride=(1, 1), padding=(1, 1), bias=False)
    )
    (2): ResidualUnit(
      (bn1): BatchNorm2d(16, eps=1e-05, momentum=0.1, affine=True, track_running_stats=True)
      (conv1): Conv2d(16, 16, kernel_size=(3, 3), stride=(1, 1), padding=(1, 1), bias=False)
      (bn2): BatchNorm2d(16, eps=1e-05, momentum=0.1, affine=True, track_running_stats=True)
      (conv2): Conv2d(16, 16, kernel_size=(3, 3), stride=(1, 1), padding=(1, 1), bias=False)
    )
    (3): ResidualUnit(
      (bn1): BatchNorm2d(16, eps=1e-05, momentum=0.1, affine=True, track_running_stats=True)
      (conv1): Conv2d(16, 16, kernel_size=(3, 3), stride=(1, 1), padding=(1, 1), bias=False)
      (bn2): BatchNorm2d(16, eps=1e-05, momentum=0.1, affine=True, track_running_stats=True)
      (conv2): Conv2d(16, 16, kernel_size=(3, 3), stride=(1, 1), padding=(1, 1), bias=False)
    )
    (4): ResidualUnit(
      (bn1): BatchNorm2d(16, eps=1e-05, momentum=0.1, affine=True, track_running_stats=True)
      (conv1): Conv2d(16, 16, kernel_size=(3, 3), stride=(1, 1), padding=(1, 1), bias=False)
      (bn2): BatchNorm2d(16, eps=1e-05, momentum=0.1, affine=True, track_running_stats=True)
      (conv2): Conv2d(16, 16, kernel_size=(3, 3), stride=(1, 1), padding=(1, 1), bias=False)
    )
  )
  (block2): Sequential(
    (0): ResidualUnit(
      (bn1): BatchNorm2d(16, eps=1e-05, momentum=0.1, affine=True, track_running_stats=True)
      (conv1): Conv2d(16, 32, kernel_size=(3, 3), stride=(2, 2), padding=(1, 1), bias=False)
      (bn2): BatchNorm2d(32, eps=1e-05, momentum=0.1, affine=True, track_running_stats=True)
      (conv2): Conv2d(32, 32, kernel_size=(3, 3), stride=(1, 1), padding=(1, 1), bias=False)
    )
    (1): ResidualUnit(
      (bn1): BatchNorm2d(32, eps=1e-05, momentum=0.1, affine=True, track_running_stats=True)
      (conv1): Conv2d(32, 32, kernel_size=(3, 3), stride=(1, 1), padding=(1, 1), bias=False)
      (bn2): BatchNorm2d(32, eps=1e-05, momentum=0.1, affine=True, track_running_stats=True)
      (conv2): Conv2d(32, 32, kernel_size=(3, 3), stride=(1, 1), padding=(1, 1), bias=False)
    )
    (2): ResidualUnit(
      (bn1): BatchNorm2d(32, eps=1e-05, momentum=0.1, affine=True, track_running_stats=True)
      (conv1): Conv2d(32, 32, kernel_size=(3, 3), stride=(1, 1), padding=(1, 1), bias=False)
      (bn2): BatchNorm2d(32, eps=1e-05, momentum=0.1, affine=True, track_running_stats=True)
      (conv2): Conv2d(32, 32, kernel_size=(3, 3), stride=(1, 1), padding=(1, 1), bias=False)
    )
    (3): ResidualUnit(
      (bn1): BatchNorm2d(32, eps=1e-05, momentum=0.1, affine=True, track_running_stats=True)
      (conv1): Conv2d(32, 32, kernel_size=(3, 3), stride=(1, 1), padding=(1, 1), bias=False)
      (bn2): BatchNorm2d(32, eps=1e-05, momentum=0.1, affine=True, track_running_stats=True)
      (conv2): Conv2d(32, 32, kernel_size=(3, 3), stride=(1, 1), padding=(1, 1), bias=False)
    )
    (4): ResidualUnit(
      (bn1): BatchNorm2d(32, eps=1e-05, momentum=0.1, affine=True, track_running_stats=True)
      (conv1): Conv2d(32, 32, kernel_size=(3, 3), stride=(1, 1), padding=(1, 1), bias=False)
      (bn2): BatchNorm2d(32, eps=1e-05, momentum=0.1, affine=True, track_running_stats=True)
      (conv2): Conv2d(32, 32, kernel_size=(3, 3), stride=(1, 1), padding=(1, 1), bias=False)
    )
  )
  (block3): Sequential(
    (0): ResidualUnit(
      (bn1): BatchNorm2d(32, eps=1e-05, momentum=0.1, affine=True, track_running_stats=True)
      (conv1): Conv2d(32, 64, kernel_size=(3, 3), stride=(2, 2), padding=(1, 1), bias=False)
      (bn2): BatchNorm2d(64, eps=1e-05, momentum=0.1, affine=True, track_running_stats=True)
      (conv2): Conv2d(64, 64, kernel_size=(3, 3), stride=(1, 1), padding=(1, 1), bias=False)
    )
    (1): ResidualUnit(
      (bn1): BatchNorm2d(64, eps=1e-05, momentum=0.1, affine=True, track_running_stats=True)
      (conv1): Conv2d(64, 64, kernel_size=(3, 3), stride=(1, 1), padding=(1, 1), bias=False)
      (bn2): BatchNorm2d(64, eps=1e-05, momentum=0.1, affine=True, track_running_stats=True)
      (conv2): Conv2d(64, 64, kernel_size=(3, 3), stride=(1, 1), padding=(1, 1), bias=False)
    )
    (2): ResidualUnit(
      (bn1): BatchNorm2d(64, eps=1e-05, momentum=0.1, affine=True, track_running_stats=True)
      (conv1): Conv2d(64, 64, kernel_size=(3, 3), stride=(1, 1), padding=(1, 1), bias=False)
      (bn2): BatchNorm2d(64, eps=1e-05, momentum=0.1, affine=True, track_running_stats=True)
      (conv2): Conv2d(64, 64, kernel_size=(3, 3), stride=(1, 1), padding=(1, 1), bias=False)
    )
    (3): ResidualUnit(
      (bn1): BatchNorm2d(64, eps=1e-05, momentum=0.1, affine=True, track_running_stats=True)
      (conv1): Conv2d(64, 64, kernel_size=(3, 3), stride=(1, 1), padding=(1, 1), bias=False)
      (bn2): BatchNorm2d(64, eps=1e-05, momentum=0.1, affine=True, track_running_stats=True)
      (conv2): Conv2d(64, 64, kernel_size=(3, 3), stride=(1, 1), padding=(1, 1), bias=False)
    )
    (4): ResidualUnit(
      (bn1): BatchNorm2d(64, eps=1e-05, momentum=0.1, affine=True, track_running_stats=True)
      (conv1): Conv2d(64, 64, kernel_size=(3, 3), stride=(1, 1), padding=(1, 1), bias=False)
      (bn2): BatchNorm2d(64, eps=1e-05, momentum=0.1, affine=True, track_running_stats=True)
      (conv2): Conv2d(64, 64, kernel_size=(3, 3), stride=(1, 1), padding=(1, 1), bias=False)
    )
  )
  (bn1): BatchNorm2d(64, eps=1e-05, momentum=0.1, affine=True, track_running_stats=True)
  (linear): Linear(in_features=64, out_features=10, bias=True)
)
[2020/05/01 00:51:54] - 

[2020/05/01 00:51:54] - Epoch 	 Seconds 	 LR 	 	 Train Loss 	 Train Acc
[2020/05/01 00:51:54] - PGD adversarial training
[2020/05/01 00:53:11] - 1 	 77 	 	 0.0267 	 2.1723 	 0.1815
[2020/05/01 00:53:11] - Test  	 loss: 1.8136 	 acc: 0.3257
[2020/05/01 00:54:29] - 2 	 78 	 	 0.0533 	 2.0231 	 0.2448
[2020/05/01 00:54:29] - Test  	 loss: 1.6955 	 acc: 0.3850
[2020/05/01 00:55:48] - 3 	 79 	 	 0.0800 	 1.9644 	 0.2631
[2020/05/01 00:55:48] - Test  	 loss: 1.5936 	 acc: 0.4322
[2020/05/01 00:57:08] - 4 	 80 	 	 0.1067 	 1.9134 	 0.2828
[2020/05/01 00:57:08] - Test  	 loss: 1.5094 	 acc: 0.4569
[2020/05/01 00:58:28] - 5 	 80 	 	 0.1333 	 1.8734 	 0.2969
[2020/05/01 00:58:28] - Test  	 loss: 1.5196 	 acc: 0.4523
[2020/05/01 00:59:47] - 6 	 79 	 	 0.1600 	 1.8405 	 0.3057
[2020/05/01 00:59:47] - Test  	 loss: 1.3936 	 acc: 0.4888
[2020/05/01 01:01:07] - 7 	 79 	 	 0.1867 	 1.8075 	 0.3191
[2020/05/01 01:01:07] - Test  	 loss: 1.3964 	 acc: 0.5218
[2020/05/01 01:02:28] - 8 	 82 	 	 0.1867 	 1.7817 	 0.3289
[2020/05/01 01:02:28] - Test  	 loss: 1.3504 	 acc: 0.5249
