[2020/04/23 00:26:38] - Namespace(attack='pgd', attack_network=True, batch_size=50, black_box=False, dataset='mnist', directory='/home/metehan/deep_adv/MNIST/', epochs=20, epsilon=0.3, initialize_model=False, lamb=0.001, learning_rate=0.2, log_interval=600, loss_scale='1.0', lr_max=0.3, lr_min=0.0, master_weights=False, model='CNN', momentum=0.5, mu=0.1, no_cuda=False, norm='inf', num_iterations=100, num_restarts=1, opt_level='O0', rand=False, save_model=True, seed=1, step_size=0.01, test_batch_size=10000, tr_alpha=0.4, tr_attack='None', tr_epsilon=0.3, tr_norm='inf', tr_num_iterations=40, tr_num_restarts=1, tr_rand=True, tr_step_size=0.01, train=True, weight_decay=0.0005)
[2020/04/23 00:26:38] - 

[2020/04/23 00:26:46] - Standard training
[2020/04/23 00:26:46] - Epoch 	 Seconds 	 LR 	 	 Train Loss 	 Train Acc
[2020/04/23 00:27:19] - Namespace(attack='pgd', attack_network=True, batch_size=50, black_box=False, dataset='mnist', directory='/home/metehan/deep_adv/MNIST/', epochs=20, epsilon=0.3, initialize_model=False, lamb=0.001, learning_rate=0.2, log_interval=600, loss_scale='1.0', lr_max=0.3, lr_min=0.0, master_weights=False, model='CNN', momentum=0.5, mu=0.1, no_cuda=False, norm='inf', num_iterations=100, num_restarts=1, opt_level='O0', rand=False, save_model=True, seed=1, step_size=0.01, test_batch_size=10000, tr_alpha=0.4, tr_attack='None', tr_epsilon=0.3, tr_norm='inf', tr_num_iterations=40, tr_num_restarts=1, tr_rand=True, tr_step_size=0.01, train=True, weight_decay=0.0005)
[2020/04/23 00:27:19] - 

[2020/04/23 00:27:27] - Standard training
[2020/04/23 00:27:27] - Epoch 	 Seconds 	 LR 	 	 Train Loss 	 Train Acc
[2020/04/23 00:28:39] - Namespace(attack='pgd', attack_network=True, batch_size=50, black_box=False, dataset='mnist', directory='/home/metehan/deep_adv/MNIST/', epochs=20, epsilon=0.3, initialize_model=False, lamb=0.001, learning_rate=0.2, log_interval=600, loss_scale='1.0', lr_max=0.3, lr_min=0.0, master_weights=False, model='CNN', momentum=0.5, mu=0.1, no_cuda=False, norm='inf', num_iterations=100, num_restarts=1, opt_level='O0', rand=False, save_model=True, seed=1, step_size=0.01, test_batch_size=10000, tr_alpha=0.4, tr_attack='None', tr_epsilon=0.3, tr_norm='inf', tr_num_iterations=40, tr_num_restarts=1, tr_rand=True, tr_step_size=0.01, train=True, weight_decay=0.0005)
[2020/04/23 00:28:39] - 

[2020/04/23 00:28:46] - Standard training
[2020/04/23 00:28:46] - Epoch 	 Seconds 	 LR 	 	 Train Loss 	 Train Acc
[2020/04/23 00:28:55] - 1 	 8 	 	 0.0300 	 0.0061 	 0.9103
[2020/04/23 00:28:55] - Test  	 loss: 0.0000 	 acc: 0.9768
[2020/04/23 00:29:02] - 2 	 7 	 	 0.0600 	 0.0013 	 0.9804
[2020/04/23 00:29:02] - Test  	 loss: 0.0000 	 acc: 0.9853
[2020/04/23 00:29:09] - 3 	 7 	 	 0.0900 	 0.0013 	 0.9810
[2020/04/23 00:29:09] - Test  	 loss: 0.0000 	 acc: 0.9653
[2020/04/23 00:29:17] - 4 	 8 	 	 0.1200 	 0.0014 	 0.9793
[2020/04/23 00:29:17] - Test  	 loss: 0.0000 	 acc: 0.9833
[2020/04/23 00:29:25] - 5 	 8 	 	 0.1500 	 0.0018 	 0.9753
[2020/04/23 00:29:25] - Test  	 loss: 0.0000 	 acc: 0.9739
[2020/04/23 00:29:36] - 6 	 11 	 	 0.1800 	 0.0033 	 0.9595
[2020/04/23 00:29:36] - Test  	 loss: 0.0000 	 acc: 0.9415
[2020/04/23 00:29:40] - Namespace(attack='pgd', attack_network=True, batch_size=50, black_box=False, dataset='mnist', directory='/home/metehan/deep_adv/MNIST/', epochs=20, epsilon=0.3, initialize_model=False, lamb=0.001, learning_rate=0.2, log_interval=600, loss_scale='1.0', lr_max=0.3, lr_min=0.0, master_weights=False, model='CNN', momentum=0.5, mu=0.1, no_cuda=False, norm='inf', num_iterations=100, num_restarts=1, opt_level='O0', rand=False, save_model=True, seed=1, step_size=0.01, test_batch_size=10000, tr_alpha=0.4, tr_attack='None', tr_epsilon=0.3, tr_norm='inf', tr_num_iterations=40, tr_num_restarts=1, tr_rand=True, tr_step_size=0.01, train=True, weight_decay=0.0005)
[2020/04/23 00:29:40] - 

[2020/04/23 00:29:47] - Standard training
[2020/04/23 00:29:47] - Epoch 	 Seconds 	 LR 	 	 Train Loss 	 Train Acc
[2020/04/23 00:29:55] - Namespace(attack='pgd', attack_network=True, batch_size=50, black_box=False, dataset='mnist', directory='/home/metehan/deep_adv/MNIST/', epochs=20, epsilon=0.3, initialize_model=False, lamb=0.001, learning_rate=0.2, log_interval=600, loss_scale='1.0', lr_max=0.3, lr_min=0.0, master_weights=False, model='CNN', momentum=0.5, mu=0.1, no_cuda=False, norm='inf', num_iterations=100, num_restarts=1, opt_level='O0', rand=False, save_model=True, seed=1, step_size=0.01, test_batch_size=10000, tr_alpha=0.4, tr_attack='None', tr_epsilon=0.3, tr_norm='inf', tr_num_iterations=40, tr_num_restarts=1, tr_rand=True, tr_step_size=0.01, train=True, weight_decay=0.0005)
[2020/04/23 00:29:55] - 

[2020/04/23 00:30:03] - Standard training
[2020/04/23 00:30:03] - Epoch 	 Seconds 	 LR 	 	 Train Loss 	 Train Acc
[2020/04/23 00:30:11] - 1 	 9 	 	 0.0300 	 0.0061 	 0.9103
[2020/04/23 00:30:11] - Test  	 loss: 0.0000 	 acc: 0.9697
[2020/04/23 00:30:21] - 2 	 9 	 	 0.0600 	 0.0013 	 0.9789
[2020/04/23 00:30:21] - Test  	 loss: 0.0000 	 acc: 0.9860
[2020/04/23 00:30:29] - 3 	 8 	 	 0.0900 	 0.0013 	 0.9805
[2020/04/23 00:30:29] - Test  	 loss: 0.0000 	 acc: 0.9544
[2020/04/23 00:30:36] - 4 	 8 	 	 0.1200 	 0.0015 	 0.9789
[2020/04/23 00:30:36] - Test  	 loss: 0.0000 	 acc: 0.9626
[2020/04/23 00:30:45] - 5 	 9 	 	 0.1500 	 0.0018 	 0.9750
[2020/04/23 00:30:45] - Test  	 loss: 0.0000 	 acc: 0.9534
[2020/04/23 00:30:55] - 6 	 10 	 	 0.1800 	 0.0026 	 0.9660
[2020/04/23 00:30:55] - Test  	 loss: 0.0000 	 acc: 0.9671
[2020/04/23 00:31:03] - 7 	 8 	 	 0.2100 	 0.0026 	 0.9668
[2020/04/23 00:31:03] - Test  	 loss: 0.0000 	 acc: 0.9734
[2020/04/23 00:31:13] - 8 	 10 	 	 0.2400 	 nan 	 0.8072
[2020/04/23 00:31:13] - Test  	 loss: nan 	 acc: 0.0980
[2020/04/23 00:31:23] - 9 	 10 	 	 0.2700 	 nan 	 0.0987
[2020/04/23 00:31:23] - Test  	 loss: nan 	 acc: 0.0980
[2020/04/23 00:31:31] - 10 	 8 	 	 0.3000 	 nan 	 0.0987
[2020/04/23 00:31:31] - Test  	 loss: nan 	 acc: 0.0980
[2020/04/23 00:31:39] - 11 	 8 	 	 0.2700 	 nan 	 0.0987
[2020/04/23 00:31:39] - Test  	 loss: nan 	 acc: 0.0980
[2020/04/23 00:31:48] - 12 	 9 	 	 0.2400 	 nan 	 0.0987
[2020/04/23 00:31:48] - Test  	 loss: nan 	 acc: 0.0980
[2020/04/23 00:31:56] - 13 	 8 	 	 0.2100 	 nan 	 0.0987
[2020/04/23 00:31:56] - Test  	 loss: nan 	 acc: 0.0980
[2020/04/23 00:32:03] - 14 	 8 	 	 0.1800 	 nan 	 0.0987
[2020/04/23 00:32:03] - Test  	 loss: nan 	 acc: 0.0980
[2020/04/23 00:32:12] - 15 	 9 	 	 0.1500 	 nan 	 0.0987
[2020/04/23 00:32:12] - Test  	 loss: nan 	 acc: 0.0980
[2020/04/23 00:32:20] - 16 	 8 	 	 0.1200 	 nan 	 0.0987
[2020/04/23 00:32:20] - Test  	 loss: nan 	 acc: 0.0980
[2020/04/23 00:32:29] - 17 	 9 	 	 0.0900 	 nan 	 0.0987
[2020/04/23 00:32:29] - Test  	 loss: nan 	 acc: 0.0980
[2020/04/23 00:32:36] - 18 	 8 	 	 0.0600 	 nan 	 0.0987
[2020/04/23 00:32:36] - Test  	 loss: nan 	 acc: 0.0980
[2020/04/23 00:32:45] - 19 	 8 	 	 0.0300 	 nan 	 0.0987
[2020/04/23 00:32:45] - Test  	 loss: nan 	 acc: 0.0980
[2020/04/23 00:32:53] - 20 	 8 	 	 0.0000 	 nan 	 0.0987
[2020/04/23 00:32:53] - Test  	 loss: nan 	 acc: 0.0980
[2020/04/23 00:32:59] - Namespace(attack='pgd', attack_network=True, batch_size=50, black_box=False, dataset='mnist', directory='/home/metehan/deep_adv/MNIST/', epochs=20, epsilon=0.3, initialize_model=False, lamb=0.001, learning_rate=0.2, log_interval=600, loss_scale='1.0', lr_max=0.1, lr_min=0.0, master_weights=False, model='CNN', momentum=0.5, mu=0.1, no_cuda=False, norm='inf', num_iterations=100, num_restarts=1, opt_level='O0', rand=False, save_model=True, seed=1, step_size=0.01, test_batch_size=10000, tr_alpha=0.4, tr_attack='None', tr_epsilon=0.3, tr_norm='inf', tr_num_iterations=40, tr_num_restarts=1, tr_rand=True, tr_step_size=0.01, train=True, weight_decay=0.0005)
[2020/04/23 00:32:59] - 

[2020/04/23 00:33:06] - Standard training
[2020/04/23 00:33:06] - Epoch 	 Seconds 	 LR 	 	 Train Loss 	 Train Acc
[2020/04/23 00:33:15] - 1 	 9 	 	 0.0100 	 0.0086 	 0.8764
[2020/04/23 00:33:15] - Test  	 loss: 0.0000 	 acc: 0.9691
[2020/04/23 00:33:25] - 2 	 10 	 	 0.0200 	 0.0013 	 0.9805
[2020/04/23 00:33:25] - Test  	 loss: 0.0000 	 acc: 0.9858
[2020/04/23 00:33:33] - 3 	 8 	 	 0.0300 	 0.0009 	 0.9856
[2020/04/23 00:33:33] - Test  	 loss: 0.0000 	 acc: 0.9864
[2020/04/23 00:33:42] - 4 	 9 	 	 0.0400 	 0.0007 	 0.9883
[2020/04/23 00:33:42] - Test  	 loss: 0.0000 	 acc: 0.9885
[2020/04/23 00:33:52] - 5 	 9 	 	 0.0500 	 0.0006 	 0.9893
[2020/04/23 00:33:52] - Test  	 loss: 0.0000 	 acc: 0.9891
[2020/04/23 00:34:01] - 6 	 9 	 	 0.0600 	 0.0006 	 0.9911
[2020/04/23 00:34:01] - Test  	 loss: 0.0000 	 acc: 0.9879
[2020/04/23 00:34:10] - 7 	 9 	 	 0.0700 	 0.0006 	 0.9909
[2020/04/23 00:34:10] - Test  	 loss: 0.0000 	 acc: 0.9880
[2020/04/23 00:34:18] - 8 	 8 	 	 0.0800 	 0.0006 	 0.9908
[2020/04/23 00:34:18] - Test  	 loss: 0.0000 	 acc: 0.9893
[2020/04/23 00:34:28] - 9 	 10 	 	 0.0900 	 0.0005 	 0.9912
[2020/04/23 00:34:28] - Test  	 loss: 0.0000 	 acc: 0.9896
[2020/04/23 00:34:37] - 10 	 9 	 	 0.1000 	 0.0005 	 0.9913
[2020/04/23 00:34:37] - Test  	 loss: 0.0000 	 acc: 0.9907
[2020/04/23 00:34:45] - 11 	 9 	 	 0.0900 	 0.0005 	 0.9919
[2020/04/23 00:34:45] - Test  	 loss: 0.0000 	 acc: 0.9863
[2020/04/23 00:34:55] - 12 	 9 	 	 0.0800 	 0.0004 	 0.9937
[2020/04/23 00:34:55] - Test  	 loss: 0.0000 	 acc: 0.9874
[2020/04/23 00:35:05] - 13 	 10 	 	 0.0700 	 0.0004 	 0.9942
[2020/04/23 00:35:05] - Test  	 loss: 0.0000 	 acc: 0.9874
[2020/04/23 00:35:16] - 14 	 11 	 	 0.0600 	 0.0003 	 0.9958
[2020/04/23 00:35:16] - Test  	 loss: 0.0000 	 acc: 0.9913
[2020/04/23 00:35:25] - 15 	 9 	 	 0.0500 	 0.0002 	 0.9962
[2020/04/23 00:35:25] - Test  	 loss: 0.0000 	 acc: 0.9918
[2020/04/23 00:35:32] - 16 	 8 	 	 0.0400 	 0.0002 	 0.9972
[2020/04/23 00:35:32] - Test  	 loss: 0.0000 	 acc: 0.9943
[2020/04/23 00:35:41] - 17 	 8 	 	 0.0300 	 0.0001 	 0.9982
[2020/04/23 00:35:41] - Test  	 loss: 0.0000 	 acc: 0.9919
[2020/04/23 00:35:51] - 18 	 10 	 	 0.0200 	 0.0001 	 0.9991
[2020/04/23 00:35:51] - Test  	 loss: 0.0000 	 acc: 0.9934
[2020/04/23 00:35:59] - 19 	 8 	 	 0.0100 	 0.0001 	 0.9996
[2020/04/23 00:35:59] - Test  	 loss: 0.0000 	 acc: 0.9949
[2020/04/23 00:36:08] - 20 	 8 	 	 0.0000 	 0.0000 	 0.9998
[2020/04/23 00:36:08] - Test  	 loss: 0.0000 	 acc: 0.9951
[2020/04/23 00:36:56] - Namespace(attack='pgd', attack_network=True, batch_size=50, black_box=False, dataset='mnist', directory='/home/metehan/deep_adv/MNIST/', epochs=20, epsilon=0.3, initialize_model=False, lamb=0.001, learning_rate=0.2, log_interval=600, loss_scale='1.0', lr_max=0.1, lr_min=0.0, master_weights=False, model='CNN', momentum=0.5, mu=0.1, no_cuda=False, norm='inf', num_iterations=100, num_restarts=1, opt_level='O0', rand=False, save_model=False, seed=1, step_size=0.01, test_batch_size=10000, tr_alpha=0.4, tr_attack='None', tr_epsilon=0.3, tr_norm='inf', tr_num_iterations=40, tr_num_restarts=1, tr_rand=True, tr_step_size=0.01, train=False, weight_decay=0.0005)
[2020/04/23 00:36:56] - 

[2020/04/23 00:37:06] - Test  	 loss: 0.0000 	 acc: 0.9951
[2020/04/23 00:37:39] - Namespace(attack='pgd', attack_network=True, batch_size=50, black_box=False, dataset='mnist', directory='/home/metehan/deep_adv/MNIST/', epochs=20, epsilon=0.3, initialize_model=False, lamb=0.001, learning_rate=0.2, log_interval=600, loss_scale='1.0', lr_max=0.1, lr_min=0.0, master_weights=False, model='CNN', momentum=0.5, mu=0.1, no_cuda=False, norm='inf', num_iterations=100, num_restarts=1, opt_level='O0', rand=False, save_model=False, seed=1, step_size=0.01, test_batch_size=10000, tr_alpha=0.4, tr_attack='None', tr_epsilon=0.3, tr_norm='inf', tr_num_iterations=40, tr_num_restarts=1, tr_rand=True, tr_step_size=0.01, train=False, weight_decay=0.0005)
[2020/04/23 00:37:39] - 

[2020/04/23 00:37:48] - Test  	 loss: 0.0000 	 acc: 0.9951
[2020/04/23 00:38:12] - Namespace(attack='pgd', attack_network=True, batch_size=50, black_box=False, dataset='mnist', directory='/home/metehan/deep_adv/MNIST/', epochs=20, epsilon=0.3, initialize_model=False, lamb=0.001, learning_rate=0.2, log_interval=600, loss_scale='1.0', lr_max=0.1, lr_min=0.0, master_weights=False, model='CNN', momentum=0.5, mu=0.1, no_cuda=False, norm='inf', num_iterations=100, num_restarts=1, opt_level='O0', rand=False, save_model=False, seed=1, step_size=0.01, test_batch_size=10000, tr_alpha=0.4, tr_attack='None', tr_epsilon=0.3, tr_norm='inf', tr_num_iterations=40, tr_num_restarts=1, tr_rand=True, tr_step_size=0.01, train=False, weight_decay=0.0005)
[2020/04/23 00:38:12] - 

[2020/04/23 00:38:21] - Test  	 loss: 0.0000 	 acc: 0.9951
[2020/04/23 00:38:27] - Namespace(attack='pgd', attack_network=True, batch_size=50, black_box=False, dataset='mnist', directory='/home/metehan/deep_adv/MNIST/', epochs=20, epsilon=0.3, initialize_model=False, lamb=0.001, learning_rate=0.2, log_interval=600, loss_scale='1.0', lr_max=0.1, lr_min=0.0, master_weights=False, model='CNN', momentum=0.5, mu=0.1, no_cuda=False, norm='inf', num_iterations=100, num_restarts=1, opt_level='O0', rand=False, save_model=False, seed=1, step_size=0.01, test_batch_size=10000, tr_alpha=0.4, tr_attack='None', tr_epsilon=0.3, tr_norm='inf', tr_num_iterations=40, tr_num_restarts=1, tr_rand=True, tr_step_size=0.01, train=False, weight_decay=0.0005)
[2020/04/23 00:38:27] - 

[2020/04/23 00:38:38] - Test  	 loss: 0.0000 	 acc: 0.9951
[2020/04/23 00:40:14] - Namespace(attack='pgd', attack_network=True, batch_size=50, black_box=False, dataset='mnist', directory='/home/metehan/deep_adv/MNIST/', epochs=20, epsilon=0.3, initialize_model=False, lamb=0.001, learning_rate=0.2, log_interval=600, loss_scale='1.0', lr_max=0.1, lr_min=0.0, master_weights=False, model='CNN', momentum=0.5, mu=0.1, no_cuda=False, norm='inf', num_iterations=100, num_restarts=1, opt_level='O0', rand=False, save_model=False, seed=1, step_size=0.01, test_batch_size=10000, tr_alpha=0.4, tr_attack='None', tr_epsilon=0.3, tr_norm='inf', tr_num_iterations=40, tr_num_restarts=1, tr_rand=True, tr_step_size=0.01, train=False, weight_decay=0.0005)
[2020/04/23 00:40:14] - 

[2020/04/23 00:40:24] - Test  	 loss: 0.0000 	 acc: 0.9951
[2020/04/23 00:50:41] - Namespace(attack='pgd', attack_network=True, batch_size=50, black_box=False, dataset='mnist', directory='/home/metehan/deep_adv/MNIST/', epochs=20, epsilon=0.3, initialize_model=False, lamb=0.001, learning_rate=0.2, log_interval=600, loss_scale='1.0', lr_max=0.1, lr_min=0.0, master_weights=False, model='CNN', momentum=0.5, mu=0.1, no_cuda=False, norm='inf', num_iterations=100, num_restarts=1, opt_level='O2', rand=False, save_model=True, seed=1, step_size=0.01, test_batch_size=10000, tr_alpha=0.4, tr_attack='None', tr_epsilon=0.3, tr_norm='inf', tr_num_iterations=40, tr_num_restarts=1, tr_rand=True, tr_step_size=0.01, train=True, weight_decay=0.0005)
[2020/04/23 00:50:41] - 

[2020/04/23 00:50:48] - Standard training
[2020/04/23 00:50:48] - Epoch 	 Seconds 	 LR 	 	 Train Loss 	 Train Acc
[2020/04/23 00:50:57] - 1 	 9 	 	 0.0100 	 0.0089 	 0.8704
[2020/04/23 00:50:57] - Test  	 loss: 0.0000 	 acc: 0.9707
[2020/04/23 00:51:05] - Namespace(attack='pgd', attack_network=True, batch_size=50, black_box=False, dataset='mnist', directory='/home/metehan/deep_adv/MNIST/', epochs=20, epsilon=0.3, initialize_model=False, lamb=0.001, learning_rate=0.2, log_interval=600, loss_scale='1.0', lr_max=0.1, lr_min=0.0, master_weights=False, model='CNN', momentum=0.5, mu=0.1, no_cuda=False, norm='inf', num_iterations=100, num_restarts=1, opt_level='O2', rand=False, save_model=False, seed=1, step_size=0.01, test_batch_size=10000, tr_alpha=0.4, tr_attack='None', tr_epsilon=0.3, tr_norm='inf', tr_num_iterations=40, tr_num_restarts=1, tr_rand=True, tr_step_size=0.01, train=False, weight_decay=0.0005)
[2020/04/23 00:51:05] - 

[2020/04/23 00:51:16] - Test  	 loss: 0.0000 	 acc: 0.9951
[2020/04/23 00:56:05] - Namespace(attack='pgd', attack_network=True, batch_size=50, black_box=False, dataset='mnist', directory='/home/metehan/deep_adv/MNIST/', epochs=20, epsilon=0.3, initialize_model=False, lamb=0.001, learning_rate=0.2, log_interval=600, loss_scale='1.0', lr_max=0.1, lr_min=0.0, master_weights=False, model='CNN', momentum=0.5, mu=0.1, no_cuda=False, norm='inf', num_iterations=100, num_restarts=1, opt_level='O2', rand=False, save_model=False, seed=1, step_size=0.01, test_batch_size=10000, tr_alpha=0.4, tr_attack='None', tr_epsilon=0.3, tr_norm='inf', tr_num_iterations=40, tr_num_restarts=1, tr_rand=True, tr_step_size=0.01, train=False, weight_decay=0.0005)
[2020/04/23 00:56:05] - 

[2020/04/23 00:56:15] - Test  	 loss: 0.0000 	 acc: 0.9951
[2020/04/23 00:57:32] - Namespace(attack='pgd', attack_network=True, batch_size=50, black_box=False, dataset='mnist', directory='/home/metehan/deep_adv/MNIST/', epochs=20, epsilon=0.3, initialize_model=False, lamb=0.001, learning_rate=0.2, log_interval=600, loss_scale='1.0', lr_max=0.1, lr_min=0.0, master_weights=False, model='CNN', momentum=0.5, mu=0.1, no_cuda=False, norm='inf', num_iterations=100, num_restarts=1, opt_level='O2', rand=False, save_model=False, seed=1, step_size=0.01, test_batch_size=10000, tr_alpha=0.4, tr_attack='None', tr_epsilon=0.3, tr_norm='inf', tr_num_iterations=40, tr_num_restarts=1, tr_rand=True, tr_step_size=0.01, train=False, weight_decay=0.0005)
[2020/04/23 00:57:32] - 

[2020/04/23 00:57:43] - Test  	 loss: 0.0000 	 acc: 0.9951
[2020/04/23 01:02:49] - Namespace(attack='pgd', attack_network=True, batch_size=50, black_box=False, dataset='mnist', directory='/home/metehan/deep_adv/MNIST/', epochs=20, epsilon=0.3, initialize_model=False, lamb=0.001, learning_rate=0.2, log_interval=600, loss_scale='1.0', lr_max=0.1, lr_min=0.0, master_weights=False, model='CNN', momentum=0.5, mu=0.1, no_cuda=False, norm='inf', num_iterations=100, num_restarts=1, opt_level='O2', rand=False, save_model=False, seed=1, step_size=0.01, test_batch_size=10000, tr_alpha=0.4, tr_attack='None', tr_epsilon=0.3, tr_norm='inf', tr_num_iterations=40, tr_num_restarts=1, tr_rand=True, tr_step_size=0.01, train=False, weight_decay=0.0005)
[2020/04/23 01:02:49] - 

[2020/04/23 01:03:00] - Test  	 loss: 0.0000 	 acc: 0.9951
[2020/04/23 01:04:40] - Namespace(attack='pgd', attack_network=True, batch_size=50, black_box=False, dataset='mnist', directory='/home/metehan/deep_adv/MNIST/', epochs=20, epsilon=0.3, initialize_model=False, lamb=0.001, learning_rate=0.2, log_interval=600, loss_scale='1.0', lr_max=0.1, lr_min=0.0, master_weights=False, model='CNN', momentum=0.5, mu=0.1, no_cuda=False, norm='inf', num_iterations=100, num_restarts=1, opt_level='O2', rand=False, save_model=False, seed=1, step_size=0.01, test_batch_size=10000, tr_alpha=0.4, tr_attack='None', tr_epsilon=0.3, tr_norm='inf', tr_num_iterations=40, tr_num_restarts=1, tr_rand=True, tr_step_size=0.01, train=False, weight_decay=0.0005)
[2020/04/23 01:04:40] - 

[2020/04/23 01:04:51] - Test  	 loss: 0.0000 	 acc: 0.9951
[2020/04/23 01:05:15] - pgd attacked 	 loss: 0.0011 	 acc: 0.2923
[2020/04/23 01:06:31] - Namespace(attack='pgd', attack_network=True, batch_size=50, black_box=False, dataset='mnist', directory='/home/metehan/deep_adv/MNIST/', epochs=20, epsilon=0.3, initialize_model=False, lamb=0.001, learning_rate=0.2, log_interval=600, loss_scale='1.0', lr_max=0.1, lr_min=0.0, master_weights=False, model='CNN', momentum=0.5, mu=0.1, no_cuda=False, norm='inf', num_iterations=100, num_restarts=1, opt_level='O0', rand=False, save_model=False, seed=1, step_size=0.01, test_batch_size=10000, tr_alpha=0.4, tr_attack='None', tr_epsilon=0.3, tr_norm='inf', tr_num_iterations=40, tr_num_restarts=1, tr_rand=True, tr_step_size=0.01, train=False, weight_decay=0.0005)
[2020/04/23 01:06:31] - 

[2020/04/23 01:06:41] - Test  	 loss: 0.0000 	 acc: 0.9951
[2020/04/23 01:07:13] - pgd attacked 	 loss: 0.0015 	 acc: 0.0000
[2020/04/23 01:14:53] - Namespace(attack='pgd', attack_network=True, batch_size=50, black_box=False, dataset='mnist', directory='/home/metehan/deep_adv/MNIST/', epochs=20, epsilon=0.3, initialize_model=False, lamb=0.001, learning_rate=0.2, log_interval=600, loss_scale='1.0', lr_max=0.1, lr_min=0.0, master_weights=False, model='CNN', momentum=0.5, mu=0.1, no_cuda=False, norm='inf', num_iterations=100, num_restarts=1, opt_level='O0', rand=False, save_model=False, seed=1, step_size=0.01, test_batch_size=10000, tr_alpha=0.4, tr_attack='None', tr_epsilon=0.3, tr_norm='inf', tr_num_iterations=40, tr_num_restarts=1, tr_rand=True, tr_step_size=0.01, train=False, weight_decay=0.0005)
[2020/04/23 01:14:53] - 

[2020/04/23 01:15:04] - Test  	 loss: 0.0000 	 acc: 0.9951
[2020/04/23 01:15:17] - Namespace(attack='pgd', attack_network=True, batch_size=50, black_box=False, dataset='mnist', directory='/home/metehan/deep_adv/MNIST/', epochs=20, epsilon=0.3, initialize_model=False, lamb=0.001, learning_rate=0.2, log_interval=600, loss_scale='1.0', lr_max=0.1, lr_min=0.0, master_weights=False, model='CNN', momentum=0.5, mu=0.1, no_cuda=False, norm='inf', num_iterations=100, num_restarts=1, opt_level='O0', rand=False, save_model=False, seed=1, step_size=0.01, test_batch_size=10000, tr_alpha=0.4, tr_attack='None', tr_epsilon=0.3, tr_norm='inf', tr_num_iterations=40, tr_num_restarts=1, tr_rand=True, tr_step_size=0.01, train=False, weight_decay=0.0005)
[2020/04/23 01:15:17] - 

[2020/04/23 01:15:28] - Test  	 loss: 0.0000 	 acc: 0.9951
[2020/04/23 01:16:38] - Namespace(attack='pgd', attack_network=True, batch_size=50, black_box=False, dataset='mnist', directory='/home/metehan/deep_adv/MNIST/', epochs=20, epsilon=0.3, initialize_model=False, lamb=0.001, learning_rate=0.2, log_interval=600, loss_scale='1.0', lr_max=0.1, lr_min=0.0, master_weights=False, model='CNN', momentum=0.5, mu=0.1, no_cuda=False, norm='inf', num_iterations=100, num_restarts=1, opt_level='O0', rand=False, save_model=False, seed=1, step_size=0.01, test_batch_size=10000, tr_alpha=0.4, tr_attack='None', tr_epsilon=0.3, tr_norm='inf', tr_num_iterations=40, tr_num_restarts=1, tr_rand=True, tr_step_size=0.01, train=False, weight_decay=0.0005)
[2020/04/23 01:16:38] - 

[2020/04/23 01:16:48] - Test  	 loss: 0.0000 	 acc: 0.9951
[2020/04/23 01:17:19] - Namespace(attack='pgd', attack_network=True, batch_size=50, black_box=False, dataset='mnist', directory='/home/metehan/deep_adv/MNIST/', epochs=20, epsilon=0.3, initialize_model=False, lamb=0.001, learning_rate=0.2, log_interval=600, loss_scale='1.0', lr_max=0.1, lr_min=0.0, master_weights=False, model='CNN', momentum=0.5, mu=0.1, no_cuda=False, norm='inf', num_iterations=100, num_restarts=1, opt_level='O0', rand=False, save_model=False, seed=1, step_size=0.01, test_batch_size=10000, tr_alpha=0.4, tr_attack='None', tr_epsilon=0.3, tr_norm='inf', tr_num_iterations=40, tr_num_restarts=1, tr_rand=True, tr_step_size=0.01, train=False, weight_decay=0.0005)
[2020/04/23 01:17:19] - 

[2020/04/23 01:17:30] - Test  	 loss: 0.0000 	 acc: 0.9951
[2020/04/23 01:21:25] - Namespace(attack='pgd', attack_network=True, batch_size=50, black_box=False, dataset='mnist', directory='/home/metehan/deep_adv/MNIST/', epochs=20, epsilon=0.3, initialize_model=False, lamb=0.001, learning_rate=0.2, log_interval=600, loss_scale='1.0', lr_max=0.1, lr_min=0.0, master_weights=False, model='CNN', momentum=0.5, mu=0.1, no_cuda=False, norm='inf', num_iterations=100, num_restarts=1, opt_level='O0', rand=False, save_model=False, seed=1, step_size=0.01, test_batch_size=10000, tr_alpha=0.4, tr_attack='None', tr_epsilon=0.3, tr_norm='inf', tr_num_iterations=40, tr_num_restarts=1, tr_rand=True, tr_step_size=0.01, train=False, weight_decay=0.0005)
[2020/04/23 01:21:25] - 

[2020/04/23 01:21:35] - Test  	 loss: 0.0000 	 acc: 0.9951
[2020/04/23 01:22:06] - pgd attacked 	 loss: 0.0015 	 acc: 0.0000
