[2020/04/25 01:02:37] - Namespace(attack='pgd', attack_network=True, batch_size=50, black_box=False, dataset='mnist', directory='/home/metehan/deep_adv/MNIST/', epochs=10, epsilon=0.3, initialize_model=False, lamb=0.001, learning_rate=0.2, log_interval=600, loss_scale='1.0', lr_max=0.05, lr_min=0.0, master_weights=False, model='CNN', momentum=0.5, mu=0.1, no_cuda=False, norm='inf', num_iterations=100, num_restarts=1, opt_level='O0', rand=False, save_model=True, seed=1, step_size=0.01, test_batch_size=10000, tr_alpha=0.4, tr_attack='dba', tr_epsilon=0.3, tr_norm='inf', tr_num_iterations=40, tr_num_restarts=1, tr_rand=True, tr_step_size=0.01, train=True, weight_decay=0.0005)
[2020/04/25 01:02:37] - 

[2020/04/25 01:03:36] - Namespace(attack='pgd', attack_network=True, batch_size=50, black_box=False, dataset='mnist', directory='/home/metehan/deep_adv/MNIST/', epochs=10, epsilon=0.3, initialize_model=False, lamb=0.001, learning_rate=0.2, log_interval=600, loss_scale='1.0', lr_max=0.05, lr_min=0.0, master_weights=False, model='CNN', momentum=0.5, mu=0.1, no_cuda=False, norm='inf', num_iterations=100, num_restarts=1, opt_level='O0', rand=False, save_model=True, seed=1, step_size=0.01, test_batch_size=10000, tr_alpha=0.4, tr_attack='dba', tr_epsilon=0.3, tr_norm='inf', tr_num_iterations=40, tr_num_restarts=1, tr_rand=True, tr_step_size=0.01, train=True, weight_decay=0.0005)
[2020/04/25 01:03:36] - 

[2020/04/25 01:03:48] - Distorting neurons
[2020/04/25 01:03:48] - Epoch 	 Seconds 	 LR 	 	 Clean Loss 	 Clean Acc 	 Dist Loss 	 Dist Acc
[2020/04/25 01:05:03] - Namespace(attack='pgd', attack_network=True, batch_size=50, black_box=False, dataset='mnist', directory='/home/metehan/deep_adv/MNIST/', epochs=10, epsilon=0.3, initialize_model=False, lamb=0.001, learning_rate=0.2, log_interval=600, loss_scale='1.0', lr_max=0.05, lr_min=0.0, master_weights=False, model='CNN', momentum=0.5, mu=0.1, no_cuda=False, norm='inf', num_iterations=100, num_restarts=1, opt_level='O0', rand=False, save_model=True, seed=1, step_size=0.01, test_batch_size=10000, tr_alpha=0.4, tr_attack='dba', tr_epsilon=0.3, tr_norm='inf', tr_num_iterations=40, tr_num_restarts=1, tr_rand=True, tr_step_size=0.01, train=True, weight_decay=0.0005)
[2020/04/25 01:05:03] - 

[2020/04/25 01:05:15] - Distorting neurons
[2020/04/25 01:05:15] - Epoch 	 Seconds 	 LR 	 	 Clean Loss 	 Clean Acc 	 Dist Loss 	 Dist Acc
[2020/04/25 01:07:09] - 1 	 114 	 	 0.0100 	 1.7168 	 0.3774 	 2.1058 	 0.2864
[2020/04/25 01:07:09] - Test  	 loss: 0.2358 	 acc: 0.9417
[2020/04/25 01:09:00] - 2 	 111 	 	 0.0200 	 0.1766 	 0.9577 	 0.2239 	 0.9365
[2020/04/25 01:09:00] - Test  	 loss: 0.1320 	 acc: 0.9649
[2020/04/25 01:10:26] - Namespace(attack='pgd', attack_network=True, batch_size=50, black_box=False, dataset='mnist', directory='/home/metehan/deep_adv/MNIST/', epochs=10, epsilon=0.3, initialize_model=False, lamb=0.001, learning_rate=0.2, log_interval=600, loss_scale='1.0', lr_max=0.05, lr_min=0.0, master_weights=False, model='CNN', momentum=0.5, mu=0.1, no_cuda=False, norm='inf', num_iterations=100, num_restarts=1, opt_level='O0', rand=False, save_model=True, seed=1, step_size=0.01, test_batch_size=10000, tr_alpha=0.4, tr_attack='dba', tr_epsilon=0.3, tr_norm='inf', tr_num_iterations=40, tr_num_restarts=1, tr_rand=True, tr_step_size=0.01, train=True, weight_decay=0.0005)
[2020/04/25 01:10:26] - 

[2020/04/25 01:10:34] - Distorting neurons
[2020/04/25 01:10:34] - Epoch 	 Seconds 	 LR 	 	 Clean Loss 	 Clean Acc 	 Dist Loss 	 Dist Acc
[2020/04/25 01:10:54] - Namespace(attack='pgd', attack_network=True, batch_size=50, black_box=False, dataset='mnist', directory='/home/metehan/deep_adv/MNIST/', epochs=10, epsilon=0.3, initialize_model=False, lamb=0.001, learning_rate=0.2, log_interval=600, loss_scale='1.0', lr_max=0.05, lr_min=0.0, master_weights=False, model='CNN', momentum=0.5, mu=0.1, no_cuda=False, norm='inf', num_iterations=100, num_restarts=1, opt_level='O0', rand=False, save_model=True, seed=1, step_size=0.01, test_batch_size=10000, tr_alpha=0.4, tr_attack='dba', tr_epsilon=0.3, tr_norm='inf', tr_num_iterations=40, tr_num_restarts=1, tr_rand=True, tr_step_size=0.01, train=True, weight_decay=0.0005)
[2020/04/25 01:10:54] - 

[2020/04/25 01:11:05] - Distorting neurons
[2020/04/25 01:11:05] - Epoch 	 Seconds 	 LR 	 	 Clean Loss 	 Clean Acc 	 Dist Loss 	 Dist Acc
[2020/04/25 01:24:28] - Namespace(attack='pgd', attack_network=True, batch_size=50, black_box=False, dataset='mnist', directory='/home/metehan/deep_adv/MNIST/', epochs=10, epsilon=0.3, initialize_model=False, lamb=0.001, learning_rate=0.2, log_interval=600, loss_scale='1.0', lr_max=0.05, lr_min=0.0, master_weights=False, model='CNN', momentum=0.5, mu=0.1, no_cuda=False, norm='inf', num_iterations=100, num_restarts=1, opt_level='O0', rand=False, save_model=True, seed=1, step_size=0.01, test_batch_size=10000, tr_alpha=0.4, tr_attack='dba', tr_epsilon=0.3, tr_norm='inf', tr_num_iterations=40, tr_num_restarts=1, tr_rand=True, tr_step_size=0.01, train=True, weight_decay=0.0005)
[2020/04/25 01:24:28] - 

[2020/04/25 01:24:39] - Distorting neurons
[2020/04/25 01:24:39] - Epoch 	 Seconds 	 LR 	 	 Clean Loss 	 Clean Acc 	 Dist Loss 	 Dist Acc
[2020/04/25 01:25:03] - Namespace(attack='pgd', attack_network=True, batch_size=50, black_box=False, dataset='mnist', directory='/home/metehan/deep_adv/MNIST/', epochs=10, epsilon=0.3, initialize_model=False, lamb=0.001, learning_rate=0.2, log_interval=600, loss_scale='1.0', lr_max=0.05, lr_min=0.0, master_weights=False, model='CNN', momentum=0.5, mu=0.1, no_cuda=False, norm='inf', num_iterations=100, num_restarts=1, opt_level='O0', rand=False, save_model=True, seed=1, step_size=0.01, test_batch_size=10000, tr_alpha=0.4, tr_attack='dba', tr_epsilon=0.3, tr_norm='inf', tr_num_iterations=40, tr_num_restarts=1, tr_rand=True, tr_step_size=0.01, train=True, weight_decay=0.0005)
[2020/04/25 01:25:03] - 

[2020/04/25 01:25:16] - Distorting neurons
[2020/04/25 01:25:16] - Epoch 	 Seconds 	 LR 	 	 Clean Loss 	 Clean Acc 	 Dist Loss 	 Dist Acc
[2020/04/25 01:27:44] - 1 	 148 	 	 0.0100 	 3.6453 	 0.6953 	 28.8554 	 0.6202
[2020/04/25 01:27:44] - Test  	 loss: 0.9719 	 acc: 0.8779
[2020/04/25 01:30:05] - 2 	 141 	 	 0.0200 	 nan 	 0.7741 	 nan 	 0.7276
[2020/04/25 01:30:05] - Test  	 loss: nan 	 acc: 0.0980
[2020/04/25 01:31:09] - Namespace(attack='pgd', attack_network=True, batch_size=50, black_box=False, dataset='mnist', directory='/home/metehan/deep_adv/MNIST/', epochs=10, epsilon=0.3, initialize_model=False, lamb=0.001, learning_rate=0.2, log_interval=600, loss_scale='1.0', lr_max=0.05, lr_min=0.0, master_weights=False, model='CNN', momentum=0.5, mu=0.1, no_cuda=False, norm='inf', num_iterations=100, num_restarts=1, opt_level='O0', rand=False, save_model=True, seed=1, step_size=0.01, test_batch_size=10000, tr_alpha=0.4, tr_attack='dba', tr_epsilon=0.3, tr_norm='inf', tr_num_iterations=40, tr_num_restarts=1, tr_rand=True, tr_step_size=0.01, train=True, weight_decay=0.0005)
[2020/04/25 01:31:09] - 

[2020/04/25 01:32:30] - Namespace(attack='pgd', attack_network=True, batch_size=50, black_box=False, dataset='mnist', directory='/home/metehan/deep_adv/MNIST/', epochs=10, epsilon=0.3, initialize_model=False, lamb=0.001, learning_rate=0.2, log_interval=600, loss_scale='1.0', lr_max=0.05, lr_min=0.0, master_weights=False, model='CNN', momentum=0.5, mu=0.1, no_cuda=False, norm='inf', num_iterations=100, num_restarts=1, opt_level='O0', rand=False, save_model=True, seed=1, step_size=0.01, test_batch_size=10000, tr_alpha=0.4, tr_attack='dba', tr_epsilon=0.3, tr_norm='inf', tr_num_iterations=40, tr_num_restarts=1, tr_rand=True, tr_step_size=0.01, train=True, weight_decay=0.0005)
[2020/04/25 01:32:30] - 

[2020/04/25 01:34:01] - Namespace(attack='pgd', attack_network=True, batch_size=50, black_box=False, dataset='mnist', directory='/home/metehan/deep_adv/MNIST/', epochs=10, epsilon=0.3, initialize_model=False, lamb=0.001, learning_rate=0.2, log_interval=600, loss_scale='1.0', lr_max=0.05, lr_min=0.0, master_weights=False, model='CNN', momentum=0.5, mu=0.1, no_cuda=False, norm='inf', num_iterations=100, num_restarts=1, opt_level='O0', rand=False, save_model=True, seed=1, step_size=0.01, test_batch_size=10000, tr_alpha=0.4, tr_attack='dba', tr_epsilon=0.3, tr_norm='inf', tr_num_iterations=40, tr_num_restarts=1, tr_rand=True, tr_step_size=0.01, train=True, weight_decay=0.0005)
[2020/04/25 01:34:01] - 

[2020/04/25 01:34:13] - Distorting neurons
[2020/04/25 01:34:13] - Epoch 	 Seconds 	 LR 	 	 Clean Loss 	 Clean Acc 	 Dist Loss 	 Dist Acc
[2020/04/25 01:38:06] - Namespace(attack='pgd', attack_network=True, batch_size=50, black_box=False, dataset='mnist', directory='/home/metehan/deep_adv/MNIST/', epochs=10, epsilon=0.3, initialize_model=False, lamb=0.001, learning_rate=0.2, log_interval=600, loss_scale='1.0', lr_max=0.05, lr_min=0.0, master_weights=False, model='CNN', momentum=0.5, mu=0.1, no_cuda=False, norm='inf', num_iterations=100, num_restarts=1, opt_level='O0', rand=False, save_model=True, seed=1, step_size=0.01, test_batch_size=10000, tr_alpha=0.4, tr_attack='dba', tr_epsilon=0.3, tr_norm='inf', tr_num_iterations=40, tr_num_restarts=1, tr_rand=True, tr_step_size=0.01, train=True, weight_decay=0.0005)
[2020/04/25 01:38:06] - 

[2020/04/25 01:38:19] - Distorting neurons
[2020/04/25 01:38:19] - Epoch 	 Seconds 	 LR 	 	 Clean Loss 	 Clean Acc 	 Dist Loss 	 Dist Acc
[2020/04/25 01:39:26] - Namespace(attack='pgd', attack_network=True, batch_size=50, black_box=False, dataset='mnist', directory='/home/metehan/deep_adv/MNIST/', epochs=10, epsilon=0.3, initialize_model=False, lamb=0.001, learning_rate=0.2, log_interval=600, loss_scale='1.0', lr_max=0.05, lr_min=0.0, master_weights=False, model='CNN', momentum=0.5, mu=0.1, no_cuda=False, norm='inf', num_iterations=100, num_restarts=1, opt_level='O0', rand=False, save_model=True, seed=1, step_size=0.01, test_batch_size=10000, tr_alpha=0.4, tr_attack='dba', tr_epsilon=0.3, tr_norm='inf', tr_num_iterations=40, tr_num_restarts=1, tr_rand=True, tr_step_size=0.01, train=True, weight_decay=0.0005)
[2020/04/25 01:39:26] - 

[2020/04/25 01:39:38] - Distorting neurons
[2020/04/25 01:39:38] - Epoch 	 Seconds 	 LR 	 	 Clean Loss 	 Clean Acc 	 Dist Loss 	 Dist Acc
[2020/04/25 01:42:02] - 1 	 145 	 	 0.0100 	 1.6907 	 0.3891 	 2.0879 	 0.2975
[2020/04/25 01:42:02] - Test  	 loss: 0.3681 	 acc: 0.9136
[2020/04/25 01:44:24] - 2 	 142 	 	 0.0200 	 0.2247 	 0.9432 	 0.3134 	 0.9150
[2020/04/25 01:44:24] - Test  	 loss: 0.1367 	 acc: 0.9608
[2020/04/25 01:46:47] - 3 	 143 	 	 0.0300 	 0.1077 	 0.9714 	 0.1679 	 0.9551
[2020/04/25 01:46:47] - Test  	 loss: 0.0824 	 acc: 0.9766
[2020/04/25 01:49:09] - 4 	 142 	 	 0.0400 	 0.0879 	 0.9770 	 0.1396 	 0.9650
[2020/04/25 01:49:09] - Test  	 loss: 0.0826 	 acc: 0.9792
[2020/04/25 01:51:30] - 5 	 141 	 	 0.0500 	 0.0838 	 0.9782 	 0.1338 	 0.9672
[2020/04/25 01:51:30] - Test  	 loss: 0.0843 	 acc: 0.9832
[2020/04/25 01:53:55] - 6 	 145 	 	 0.0400 	 0.0653 	 0.9829 	 0.1015 	 0.9746
[2020/04/25 01:53:55] - Test  	 loss: 0.0594 	 acc: 0.9832
[2020/04/25 01:56:23] - 7 	 148 	 	 0.0300 	 0.0508 	 0.9867 	 0.0755 	 0.9804
[2020/04/25 01:56:23] - Test  	 loss: 0.0476 	 acc: 0.9882
[2020/04/25 01:58:49] - 8 	 146 	 	 0.0200 	 0.0383 	 0.9907 	 0.0545 	 0.9851
[2020/04/25 01:58:49] - Test  	 loss: 0.0368 	 acc: 0.9887
[2020/04/25 02:01:15] - 9 	 146 	 	 0.0100 	 0.0268 	 0.9939 	 0.0346 	 0.9903
[2020/04/25 02:01:15] - Test  	 loss: 0.0342 	 acc: 0.9899
[2020/04/25 02:03:35] - 10 	 140 	 	 0.0000 	 0.0188 	 0.9961 	 0.0216 	 0.9939
[2020/04/25 02:03:35] - Test  	 loss: 0.0273 	 acc: 0.9921
[2020/04/25 02:04:02] - pgd attacked 	 loss: 15.7910 	 acc: 0.0000
[2020/04/25 02:47:47] - Namespace(attack='pgd', attack_network=True, batch_size=50, black_box=False, dataset='mnist', directory='/home/metehan/deep_adv/MNIST/', epochs=10, epsilon=0.3, initialize_model=False, lamb=0.001, learning_rate=0.2, log_interval=600, loss_scale='1.0', lr_max=0.05, lr_min=0.0, master_weights=False, model='CNN', momentum=0.5, mu=0.5, no_cuda=False, norm='inf', num_iterations=100, num_restarts=1, opt_level='O0', rand=False, save_model=True, seed=1, step_size=0.01, test_batch_size=10000, tr_alpha=0.4, tr_attack='dba', tr_epsilon=0.3, tr_norm='inf', tr_num_iterations=40, tr_num_restarts=1, tr_rand=True, tr_step_size=0.01, train=True, weight_decay=0.0005)
[2020/04/25 02:47:47] - 

[2020/04/25 02:47:54] - Distorting neurons
[2020/04/25 02:47:54] - Epoch 	 Seconds 	 LR 	 	 Clean Loss 	 Clean Acc 	 Dist Loss 	 Dist Acc
[2020/04/25 02:49:35] - 1 	 101 	 	 0.0100 	 2.3006 	 0.1151 	 3.5241 	 0.0659
[2020/04/25 02:49:35] - Test  	 loss: 2.3007 	 acc: 0.1135
[2020/04/25 02:51:11] - 2 	 96 	 	 0.0200 	 2.3009 	 0.1123 	 2.3054 	 0.1089
[2020/04/25 02:51:11] - Test  	 loss: 2.3004 	 acc: 0.1135
[2020/04/25 02:51:25] - Namespace(attack='pgd', attack_network=True, batch_size=50, black_box=False, dataset='mnist', directory='/home/metehan/deep_adv/MNIST/', epochs=10, epsilon=0.3, initialize_model=False, lamb=0.001, learning_rate=0.2, log_interval=600, loss_scale='1.0', lr_max=0.05, lr_min=0.0, master_weights=False, model='CNN', momentum=0.5, mu=0.2, no_cuda=False, norm='inf', num_iterations=100, num_restarts=1, opt_level='O0', rand=False, save_model=True, seed=1, step_size=0.01, test_batch_size=10000, tr_alpha=0.4, tr_attack='dba', tr_epsilon=0.3, tr_norm='inf', tr_num_iterations=40, tr_num_restarts=1, tr_rand=True, tr_step_size=0.01, train=True, weight_decay=0.0005)
[2020/04/25 02:51:25] - 

[2020/04/25 02:51:32] - Distorting neurons
[2020/04/25 02:51:32] - Epoch 	 Seconds 	 LR 	 	 Clean Loss 	 Clean Acc 	 Dist Loss 	 Dist Acc
[2020/04/25 02:53:13] - 1 	 101 	 	 0.0100 	 2.2989 	 0.1280 	 2.9121 	 0.0850
[2020/04/25 02:53:13] - Test  	 loss: 2.3002 	 acc: 0.1135
[2020/04/25 02:54:50] - 2 	 97 	 	 0.0200 	 2.3007 	 0.1126 	 2.3028 	 0.1105
[2020/04/25 02:54:50] - Test  	 loss: 2.3004 	 acc: 0.1135
[2020/04/25 03:10:46] - Namespace(attack='pgd', attack_network=True, batch_size=50, black_box=False, dataset='mnist', directory='/home/metehan/deep_adv/MNIST/', epochs=10, epsilon=0.3, initialize_model=False, lamb=0.001, learning_rate=0.2, log_interval=600, loss_scale='1.0', lr_max=0.05, lr_min=0.0, master_weights=False, model='CNN', momentum=0.5, mu=0.2, no_cuda=False, norm='inf', num_iterations=100, num_restarts=1, opt_level='O0', rand=False, save_model=True, seed=1, step_size=0.01, test_batch_size=10000, tr_alpha=0.4, tr_attack='dba', tr_epsilon=0.3, tr_norm='inf', tr_num_iterations=40, tr_num_restarts=1, tr_rand=True, tr_step_size=0.01, train=True, weight_decay=0.0005)
[2020/04/25 03:10:46] - 

[2020/04/25 03:10:53] - Distorting neurons
[2020/04/25 03:10:53] - Epoch 	 Seconds 	 LR 	 	 Clean Loss 	 Clean Acc 	 Dist Loss 	 Dist Acc
[2020/04/25 03:18:46] - Namespace(attack='pgd', attack_network=True, batch_size=50, black_box=False, dataset='mnist', directory='/home/metehan/deep_adv/MNIST/', epochs=10, epsilon=0.3, initialize_model=False, lamb=0.001, learning_rate=0.2, log_interval=600, loss_scale='1.0', lr_max=0.05, lr_min=0.0, master_weights=False, model='CNN', momentum=0.5, mu=0.2, no_cuda=False, norm='inf', num_iterations=100, num_restarts=1, opt_level='O0', rand=False, save_model=True, seed=1, step_size=0.01, test_batch_size=10000, tr_alpha=0.4, tr_attack='dba', tr_epsilon=0.3, tr_norm='inf', tr_num_iterations=40, tr_num_restarts=1, tr_rand=True, tr_step_size=0.01, train=True, weight_decay=0.0005)
[2020/04/25 03:18:46] - 

[2020/04/25 03:18:53] - Distorting neurons
[2020/04/25 03:18:53] - Epoch 	 Seconds 	 LR 	 	 Clean Loss 	 Clean Acc 	 Dist Loss 	 Dist Acc
[2020/04/25 03:19:12] - Namespace(attack='pgd', attack_network=True, batch_size=50, black_box=False, dataset='mnist', directory='/home/metehan/deep_adv/MNIST/', epochs=10, epsilon=0.3, initialize_model=False, lamb=0.001, learning_rate=0.2, log_interval=600, loss_scale='1.0', lr_max=0.05, lr_min=0.0, master_weights=False, model='CNN', momentum=0.5, mu=0.2, no_cuda=False, norm='inf', num_iterations=100, num_restarts=1, opt_level='O0', rand=False, save_model=True, seed=1, step_size=0.01, test_batch_size=10000, tr_alpha=0.4, tr_attack='dba', tr_epsilon=0.3, tr_norm='inf', tr_num_iterations=40, tr_num_restarts=1, tr_rand=True, tr_step_size=0.01, train=True, weight_decay=0.0005)
[2020/04/25 03:19:12] - 

[2020/04/25 03:19:18] - Distorting neurons
[2020/04/25 03:19:18] - Epoch 	 Seconds 	 LR 	 	 Clean Loss 	 Clean Acc 	 Dist Loss 	 Dist Acc
[2020/04/25 03:20:38] - Namespace(attack='pgd', attack_network=True, batch_size=50, black_box=False, dataset='mnist', directory='/home/metehan/deep_adv/MNIST/', epochs=10, epsilon=0.3, initialize_model=False, lamb=0.001, learning_rate=0.2, log_interval=600, loss_scale='1.0', lr_max=0.05, lr_min=0.0, master_weights=False, model='CNN', momentum=0.5, mu=0.2, no_cuda=False, norm='inf', num_iterations=100, num_restarts=1, opt_level='O0', rand=False, save_model=True, seed=1, step_size=0.01, test_batch_size=10000, tr_alpha=0.4, tr_attack='dba', tr_epsilon=0.3, tr_norm='inf', tr_num_iterations=40, tr_num_restarts=1, tr_rand=True, tr_step_size=0.01, train=True, weight_decay=0.0005)
[2020/04/25 03:20:38] - 

[2020/04/25 03:20:44] - Distorting neurons
[2020/04/25 03:20:44] - Epoch 	 Seconds 	 LR 	 	 Clean Loss 	 Clean Acc 	 Dist Loss 	 Dist Acc
[2020/04/25 03:20:58] - Namespace(attack='pgd', attack_network=True, batch_size=50, black_box=False, dataset='mnist', directory='/home/metehan/deep_adv/MNIST/', epochs=10, epsilon=0.3, initialize_model=False, lamb=0.001, learning_rate=0.2, log_interval=600, loss_scale='1.0', lr_max=0.05, lr_min=0.0, master_weights=False, model='CNN', momentum=0.5, mu=0.2, no_cuda=False, norm='inf', num_iterations=100, num_restarts=1, opt_level='O0', rand=False, save_model=True, seed=1, step_size=0.01, test_batch_size=10000, tr_alpha=0.4, tr_attack='dba', tr_epsilon=0.3, tr_norm='inf', tr_num_iterations=40, tr_num_restarts=1, tr_rand=True, tr_step_size=0.01, train=True, weight_decay=0.0005)
[2020/04/25 03:20:58] - 

[2020/04/25 03:21:05] - Distorting neurons
[2020/04/25 03:21:05] - Epoch 	 Seconds 	 LR 	 	 Clean Loss 	 Clean Acc 	 Dist Loss 	 Dist Acc
[2020/04/25 03:22:04] - 1 	 60 	 	 0.0100 	 0.4335 	 0.8762 	 0.4336 	 0.8760
[2020/04/25 03:22:04] - Test  	 loss: 0.0943 	 acc: 0.9697
[2020/04/25 03:23:11] - Namespace(attack='pgd', attack_network=True, batch_size=50, black_box=False, dataset='mnist', directory='/home/metehan/deep_adv/MNIST/', epochs=10, epsilon=0.3, initialize_model=False, lamb=0.001, learning_rate=0.2, log_interval=600, loss_scale='1.0', lr_max=0.05, lr_min=0.0, master_weights=False, model='CNN', momentum=0.5, mu=0.2, no_cuda=False, norm='inf', num_iterations=100, num_restarts=1, opt_level='O0', rand=False, save_model=True, seed=1, step_size=0.01, test_batch_size=10000, tr_alpha=0.4, tr_attack='dba', tr_epsilon=0.3, tr_norm='inf', tr_num_iterations=40, tr_num_restarts=1, tr_rand=True, tr_step_size=0.01, train=True, weight_decay=0.0005)
[2020/04/25 03:23:11] - 

[2020/04/25 03:23:17] - Distorting neurons
[2020/04/25 03:23:17] - Epoch 	 Seconds 	 LR 	 	 Clean Loss 	 Clean Acc 	 Dist Loss 	 Dist Acc
[2020/04/25 03:24:32] - 1 	 75 	 	 0.0100 	 0.7889 	 0.8086 	 1.2185 	 0.5955
[2020/04/25 03:24:32] - Test  	 loss: 0.1593 	 acc: 0.9528
[2020/04/25 03:25:46] - 2 	 74 	 	 0.0200 	 0.1466 	 0.9602 	 0.3589 	 0.8924
[2020/04/25 03:25:46] - Test  	 loss: 0.1083 	 acc: 0.9695
[2020/04/25 03:27:00] - 3 	 74 	 	 0.0300 	 0.1524 	 0.9537 	 0.3515 	 0.8958
[2020/04/25 03:27:00] - Test  	 loss: 0.1810 	 acc: 0.9466
[2020/04/25 03:28:00] - Namespace(attack='pgd', attack_network=True, batch_size=50, black_box=False, dataset='mnist', directory='/home/metehan/deep_adv/MNIST/', epochs=10, epsilon=0.3, initialize_model=False, lamb=0.001, learning_rate=0.2, log_interval=600, loss_scale='1.0', lr_max=0.05, lr_min=0.0, master_weights=False, model='CNN', momentum=0.5, mu=0.5, no_cuda=False, norm='inf', num_iterations=100, num_restarts=1, opt_level='O0', rand=False, save_model=True, seed=1, step_size=0.01, test_batch_size=10000, tr_alpha=0.4, tr_attack='dba', tr_epsilon=0.3, tr_norm='inf', tr_num_iterations=40, tr_num_restarts=1, tr_rand=True, tr_step_size=0.01, train=True, weight_decay=0.0005)
[2020/04/25 03:28:00] - 

[2020/04/25 03:28:06] - Distorting neurons
[2020/04/25 03:28:06] - Epoch 	 Seconds 	 LR 	 	 Clean Loss 	 Clean Acc 	 Dist Loss 	 Dist Acc
[2020/04/25 03:28:13] - 4 	 73 	 	 0.0400 	 0.1513 	 0.9554 	 0.3294 	 0.9069
[2020/04/25 03:28:13] - Test  	 loss: 0.1530 	 acc: 0.9529
[2020/04/25 03:28:20] - Namespace(attack='pgd', attack_network=True, batch_size=50, black_box=False, dataset='mnist', directory='/home/metehan/deep_adv/MNIST/', epochs=10, epsilon=0.3, initialize_model=False, lamb=0.001, learning_rate=0.2, log_interval=600, loss_scale='1.0', lr_max=0.05, lr_min=0.0, master_weights=False, model='CNN', momentum=0.5, mu=1.0, no_cuda=False, norm='inf', num_iterations=100, num_restarts=1, opt_level='O0', rand=False, save_model=True, seed=1, step_size=0.01, test_batch_size=10000, tr_alpha=0.4, tr_attack='dba', tr_epsilon=0.3, tr_norm='inf', tr_num_iterations=40, tr_num_restarts=1, tr_rand=True, tr_step_size=0.01, train=True, weight_decay=0.0005)
[2020/04/25 03:28:20] - 

[2020/04/25 03:28:24] - Distorting neurons
[2020/04/25 03:28:24] - Epoch 	 Seconds 	 LR 	 	 Clean Loss 	 Clean Acc 	 Dist Loss 	 Dist Acc
[2020/04/25 03:29:16] - 1 	 71 	 	 0.0100 	 0.9851 	 0.7669 	 1.5328 	 0.5193
[2020/04/25 03:29:16] - Test  	 loss: 0.2055 	 acc: 0.9425
[2020/04/25 03:29:23] - 5 	 70 	 	 0.0500 	 0.1685 	 0.9509 	 0.3504 	 0.9040
[2020/04/25 03:29:23] - Test  	 loss: 0.1164 	 acc: 0.9643
[2020/04/25 03:29:36] - 1 	 72 	 	 0.0100 	 1.1606 	 0.7290 	 1.7961 	 0.4593
[2020/04/25 03:29:36] - Test  	 loss: 0.2560 	 acc: 0.9421
[2020/04/25 03:30:27] - 2 	 71 	 	 0.0200 	 0.2462 	 0.9430 	 0.6018 	 0.8320
[2020/04/25 03:30:27] - Test  	 loss: 0.2279 	 acc: 0.9437
[2020/04/25 03:30:33] - 6 	 70 	 	 0.0400 	 0.1259 	 0.9640 	 0.2480 	 0.9299
[2020/04/25 03:30:33] - Test  	 loss: 0.0811 	 acc: 0.9764
[2020/04/25 03:30:48] - 2 	 72 	 	 0.0200 	 0.3556 	 0.9210 	 0.8354 	 0.7703
[2020/04/25 03:30:48] - Test  	 loss: 0.3375 	 acc: 0.9351
[2020/04/25 03:31:39] - 3 	 72 	 	 0.0300 	 0.2770 	 0.9272 	 0.6698 	 0.8168
[2020/04/25 03:31:39] - Test  	 loss: 0.4312 	 acc: 0.8663
[2020/04/25 03:31:44] - 7 	 71 	 	 0.0300 	 0.0870 	 0.9747 	 0.1762 	 0.9481
[2020/04/25 03:31:44] - Test  	 loss: 0.0731 	 acc: 0.9776
[2020/04/25 03:31:59] - 3 	 71 	 	 0.0300 	 0.4875 	 0.8714 	 1.0863 	 0.7088
[2020/04/25 03:31:59] - Test  	 loss: 0.6796 	 acc: 0.8069
[2020/04/25 03:32:49] - 4 	 70 	 	 0.0400 	 0.3695 	 0.8969 	 0.8475 	 0.7706
[2020/04/25 03:32:49] - Test  	 loss: 0.3507 	 acc: 0.9079
[2020/04/25 03:32:54] - 8 	 71 	 	 0.0200 	 0.0586 	 0.9820 	 0.1234 	 0.9619
[2020/04/25 03:32:54] - Test  	 loss: 0.0619 	 acc: 0.9807
[2020/04/25 03:33:12] - 4 	 73 	 	 0.0400 	 0.3731 	 0.8961 	 0.6594 	 0.8161
[2020/04/25 03:33:12] - Test  	 loss: 0.2881 	 acc: 0.9235
[2020/04/25 03:33:59] - 5 	 69 	 	 0.0500 	 0.3190 	 0.9114 	 0.6408 	 0.8197
[2020/04/25 03:33:59] - Test  	 loss: 0.2769 	 acc: 0.9266
[2020/04/25 03:34:02] - 9 	 67 	 	 0.0100 	 0.0348 	 0.9895 	 0.0772 	 0.9752
[2020/04/25 03:34:02] - Test  	 loss: 0.0435 	 acc: 0.9863
[2020/04/25 03:34:24] - 5 	 73 	 	 0.0500 	 0.2560 	 0.9313 	 0.4768 	 0.8715
[2020/04/25 03:34:24] - Test  	 loss: 0.2310 	 acc: 0.9458
[2020/04/25 03:35:10] - 6 	 71 	 	 0.0400 	 0.2233 	 0.9374 	 0.4164 	 0.8833
[2020/04/25 03:35:10] - Test  	 loss: 0.1707 	 acc: 0.9471
[2020/04/25 03:35:12] - 10 	 70 	 	 0.0000 	 0.0161 	 0.9956 	 0.0388 	 0.9868
[2020/04/25 03:35:12] - Test  	 loss: 0.0351 	 acc: 0.9887
[2020/04/25 03:35:37] - 6 	 73 	 	 0.0400 	 0.2360 	 0.9355 	 0.4530 	 0.8789
[2020/04/25 03:35:37] - Test  	 loss: 0.1987 	 acc: 0.9437
[2020/04/25 03:36:21] - 7 	 71 	 	 0.0300 	 0.1660 	 0.9538 	 0.3173 	 0.9086
[2020/04/25 03:36:21] - Test  	 loss: 0.1226 	 acc: 0.9661
[2020/04/25 03:36:48] - 7 	 71 	 	 0.0300 	 0.1784 	 0.9543 	 0.3547 	 0.9045
[2020/04/25 03:36:48] - Test  	 loss: 0.1418 	 acc: 0.9632
[2020/04/25 03:37:32] - 8 	 72 	 	 0.0200 	 0.1291 	 0.9658 	 0.2524 	 0.9292
[2020/04/25 03:37:32] - Test  	 loss: 0.1239 	 acc: 0.9699
[2020/04/25 03:37:59] - 8 	 70 	 	 0.0200 	 0.1474 	 0.9635 	 0.3008 	 0.9204
[2020/04/25 03:37:59] - Test  	 loss: 0.1485 	 acc: 0.9667
[2020/04/25 03:38:37] - 9 	 65 	 	 0.0100 	 0.0992 	 0.9744 	 0.2021 	 0.9409
[2020/04/25 03:38:37] - Test  	 loss: 0.0895 	 acc: 0.9776
[2020/04/25 03:39:09] - 9 	 70 	 	 0.0100 	 0.1177 	 0.9733 	 0.2469 	 0.9331
[2020/04/25 03:39:09] - Test  	 loss: 0.1001 	 acc: 0.9776
[2020/04/25 03:39:49] - 10 	 71 	 	 0.0000 	 0.0707 	 0.9828 	 0.1507 	 0.9563
[2020/04/25 03:39:49] - Test  	 loss: 0.0656 	 acc: 0.9839
[2020/04/25 03:40:15] - pgd attacked 	 loss: 7.6511 	 acc: 0.0012
[2020/04/25 03:40:19] - 10 	 70 	 	 0.0000 	 0.0922 	 0.9806 	 0.1965 	 0.9475
[2020/04/25 03:40:19] - Test  	 loss: 0.0812 	 acc: 0.9823
[2020/04/25 03:40:47] - pgd attacked 	 loss: 7.1546 	 acc: 0.0004
[2020/04/25 11:45:25] - Namespace(attack='pgd', attack_network=True, batch_size=50, black_box=False, dataset='mnist', directory='/home/metehan/deep_adv/MNIST/', epochs=10, epsilon=0.3, initialize_model=False, lamb=0.001, learning_rate=0.2, log_interval=600, loss_scale='1.0', lr_max=0.05, lr_min=0.0, master_weights=False, model='CNN', momentum=0.5, mu=0.2, no_cuda=False, norm='inf', num_iterations=100, num_restarts=1, opt_level='O0', rand=False, save_model=True, seed=1, step_size=0.01, test_batch_size=10000, tr_alpha=0.4, tr_attack='dba', tr_epsilon=0.3, tr_norm='inf', tr_num_iterations=40, tr_num_restarts=1, tr_rand=True, tr_step_size=0.01, train=True, weight_decay=0.0005)
[2020/04/25 11:45:25] - 

[2020/04/25 11:45:31] - Distorting neurons
[2020/04/25 11:45:31] - Epoch 	 Seconds 	 LR 	 	 Clean Loss 	 Clean Acc 	 Dist Loss 	 Dist Acc
[2020/04/25 11:46:48] - 1 	 77 	 	 0.0100 	 0.8354 	 0.7911 	 1.2814 	 0.5890
[2020/04/25 11:46:48] - Test  	 loss: 0.1274 	 acc: 0.9637
[2020/04/25 11:48:00] - 2 	 72 	 	 0.0200 	 0.1605 	 0.9566 	 0.3809 	 0.8888
[2020/04/25 11:48:00] - Test  	 loss: 0.1943 	 acc: 0.9456
[2020/04/25 11:49:15] - 3 	 74 	 	 0.0300 	 0.1897 	 0.9436 	 0.4221 	 0.8788
[2020/04/25 11:49:15] - Test  	 loss: 0.1428 	 acc: 0.9541
[2020/04/25 11:50:30] - 4 	 75 	 	 0.0400 	 0.1929 	 0.9432 	 0.4052 	 0.8887
[2020/04/25 11:50:30] - Test  	 loss: 0.3148 	 acc: 0.9092
[2020/04/25 11:51:42] - 5 	 72 	 	 0.0500 	 0.1774 	 0.9493 	 0.3470 	 0.9044
[2020/04/25 11:51:42] - Test  	 loss: 0.1414 	 acc: 0.9623
[2020/04/25 11:52:57] - 6 	 75 	 	 0.0400 	 0.1252 	 0.9644 	 0.2237 	 0.9339
[2020/04/25 11:52:57] - Test  	 loss: 0.0980 	 acc: 0.9737
[2020/04/25 11:54:10] - 7 	 73 	 	 0.0300 	 0.0848 	 0.9746 	 0.1510 	 0.9527
[2020/04/25 11:54:10] - Test  	 loss: 0.0799 	 acc: 0.9772
[2020/04/25 11:55:23] - 8 	 73 	 	 0.0200 	 0.0663 	 0.9806 	 0.1184 	 0.9617
[2020/04/25 11:55:23] - Test  	 loss: 0.0743 	 acc: 0.9796
[2020/04/25 11:56:38] - 9 	 75 	 	 0.0100 	 0.0514 	 0.9846 	 0.0932 	 0.9698
[2020/04/25 11:56:38] - Test  	 loss: 0.0478 	 acc: 0.9850
[2020/04/25 11:57:53] - 10 	 75 	 	 0.0000 	 0.0327 	 0.9906 	 0.0613 	 0.9791
[2020/04/25 11:57:53] - Test  	 loss: 0.0381 	 acc: 0.9884
[2020/04/25 15:05:47] - Namespace(attack='pgd', attack_network=True, batch_size=50, black_box=False, dataset='mnist', directory='/home/metehan/deep_adv/MNIST/', epochs=10, epsilon=0.3, initialize_model=False, lamb=0.001, learning_rate=0.2, log_interval=600, loss_scale='1.0', lr_max=0.05, lr_min=0.0, master_weights=False, model='CNN', momentum=0.5, mu=0.2, no_cuda=False, norm='inf', num_iterations=100, num_restarts=1, opt_level='O0', rand=False, save_model=False, seed=1, step_size=0.01, test_batch_size=10000, tr_alpha=0.4, tr_attack='dba', tr_epsilon=0.3, tr_norm='inf', tr_num_iterations=40, tr_num_restarts=1, tr_rand=True, tr_step_size=0.01, train=False, weight_decay=0.0005)
[2020/04/25 15:05:47] - 

[2020/04/25 15:08:04] - Namespace(attack='pgd', attack_network=True, batch_size=50, black_box=False, dataset='mnist', directory='/home/metehan/deep_adv/MNIST/', epochs=10, epsilon=0.3, initialize_model=False, lamb=0.001, learning_rate=0.2, log_interval=600, loss_scale='1.0', lr_max=0.05, lr_min=0.0, master_weights=False, model='CNN', momentum=0.5, mu=0.2, no_cuda=False, norm='inf', num_iterations=100, num_restarts=1, opt_level='O0', rand=False, save_model=False, seed=1, step_size=0.01, test_batch_size=10000, tr_alpha=0.4, tr_attack='dba', tr_epsilon=0.3, tr_norm='inf', tr_num_iterations=40, tr_num_restarts=1, tr_rand=True, tr_step_size=0.01, train=False, weight_decay=0.0005)
[2020/04/25 15:08:04] - 

[2020/04/25 15:08:13] - Test  	 loss: 0.0381 	 acc: 0.9884
[2020/04/25 15:08:36] - Namespace(attack='pgd', attack_network=True, batch_size=50, black_box=False, dataset='mnist', directory='/home/metehan/deep_adv/MNIST/', epochs=10, epsilon=0.3, initialize_model=False, lamb=0.001, learning_rate=0.2, log_interval=600, loss_scale='1.0', lr_max=0.05, lr_min=0.0, master_weights=False, model='CNN', momentum=0.5, mu=0.2, no_cuda=False, norm='inf', num_iterations=100, num_restarts=1, opt_level='O0', rand=False, save_model=False, seed=1, step_size=0.01, test_batch_size=10000, tr_alpha=0.4, tr_attack='dba', tr_epsilon=0.3, tr_norm='inf', tr_num_iterations=40, tr_num_restarts=1, tr_rand=True, tr_step_size=0.01, train=False, weight_decay=0.0005)
[2020/04/25 15:08:36] - 

[2020/04/25 15:08:45] - Test  	 loss: 0.0381 	 acc: 0.9884
[2020/04/25 15:14:47] - Namespace(attack='pgd', attack_network=True, batch_size=50, black_box=False, dataset='mnist', directory='/home/metehan/deep_adv/MNIST/', epochs=10, epsilon=0.3, initialize_model=False, lamb=0.001, learning_rate=0.2, log_interval=600, loss_scale='1.0', lr_max=0.05, lr_min=0.0, master_weights=False, model='CNN', momentum=0.5, mu=0.2, no_cuda=False, norm='inf', num_iterations=100, num_restarts=1, opt_level='O0', rand=False, save_model=False, seed=1, step_size=0.01, test_batch_size=10000, tr_alpha=0.4, tr_attack='dba', tr_epsilon=0.3, tr_norm='inf', tr_num_iterations=40, tr_num_restarts=1, tr_rand=True, tr_step_size=0.01, train=False, weight_decay=0.0005)
[2020/04/25 15:14:47] - 

[2020/04/25 15:14:55] - Test  	 loss: 0.0381 	 acc: 0.9884
[2020/04/25 15:15:22] - pgd attacked 	 loss: 81.0395 	 acc: 0.0019
